--------------------------------------------------------------------------------
Release 10.1 Trace  (nt)
Copyright (c) 1995-2008 Xilinx, Inc.  All rights reserved.

C:\Xilinx\10.1\ISE\bin\nt\unwrapped\trce.exe -ise
E:/3BaICT/Ruben/VHDL2.2Versie4/verzender/Xilinx/draai/draai.ise -intstyle ise
-e 3 -s 7 -xml senderMetCklDiv_b senderMetCklDiv_b.ncd -o senderMetCklDiv_b.twr
senderMetCklDiv_b.pcf -ucf
E:/3BaICT/Ruben/VHDL2.2Versie4/verzender/sender_xup_dsss.ucf

Design file:              senderMetCklDiv_b.ncd
Physical constraint file: senderMetCklDiv_b.pcf
Device,package,speed:     xc2vp30,ff896,-7 (PRODUCTION 1.94 2008-01-09)
Report level:             error report

Environment Variable      Effect 
--------------------      ------ 
NONE                      No environment variables were set
--------------------------------------------------------------------------------

INFO:Timing:2752 - To get complete path coverage, use the unconstrained paths 
   option. All paths that are not constrained will be reported in the 
   unconstrained paths section(s) of the report.
INFO:Timing:3339 - The clock-to-out numbers in this timing report are based on 
   a 50 Ohm transmission line loading model.  For the details of this model, 
   and for more information on accounting for different loading conditions, 
   please see the device datasheet.

================================================================================
Timing constraint: NET "clk_100mhz_BUFGP/IBUFG" PERIOD = 10 ns HIGH 50%;

 1468 paths analyzed, 148 endpoints analyzed, 0 failing endpoints
 0 timing errors detected. (0 setup errors, 0 hold errors)
 Minimum period is   4.356ns.
--------------------------------------------------------------------------------


All constraints were met.


Data Sheet report:
-----------------
All values displayed in nanoseconds (ns)

Clock to Setup on destination clock clk_100mhz
---------------+---------+---------+---------+---------+
               | Src:Rise| Src:Fall| Src:Rise| Src:Fall|
Source Clock   |Dest:Rise|Dest:Rise|Dest:Fall|Dest:Fall|
---------------+---------+---------+---------+---------+
clk_100mhz     |    4.356|         |         |         |
---------------+---------+---------+---------+---------+


Timing summary:
---------------

Timing errors: 0  Score: 0

Constraints cover 1468 paths, 0 nets, and 363 connections

Design statistics:
   Minimum period:   4.356ns   (Maximum frequency: 229.568MHz)


Analysis completed Thu Dec 13 12:48:34 2018 
--------------------------------------------------------------------------------

Trace Settings:
-------------------------
Trace Settings 

Peak Memory Usage: 181 MB



